{
  "RSpec": {
    "coverage": {
      "/home/sean/dev/kerbalworks/spec/models/user_spec.rb": [
        1,
        null,
        1,
        12,
        null,
        1,
        2,
        2,
        2,
        null,
        null,
        1,
        2,
        null,
        null,
        1,
        2,
        null,
        null,
        1,
        2,
        2,
        null,
        null,
        1,
        2,
        2,
        2,
        null,
        null,
        1,
        2,
        null,
        null
      ],
      "/home/sean/dev/kerbalworks/spec/rails_helper.rb": [
        null,
        1,
        1,
        1,
        1,
        null,
        null,
        null,
        null,
        null,
        null,
        null,
        null,
        null,
        null,
        null,
        null,
        null,
        null,
        null,
        null,
        null,
        null,
        null,
        1,
        null,
        1,
        null,
        1,
        null,
        null,
        null,
        null,
        1,
        null,
        null,
        null,
        null,
        null,
        null,
        null,
        null,
        null,
        null,
        null,
        null,
        null,
        null,
        1,
        null
      ],
      "/home/sean/dev/kerbalworks/config/environment.rb": [
        null,
        1,
        null,
        null,
        1
      ],
      "/home/sean/dev/kerbalworks/config/application.rb": [
        1,
        null,
        1,
        null,
        null,
        null,
        1,
        null,
        1,
        1,
        null,
        null,
        null,
        null,
        null,
        null,
        null,
        null,
        null,
        null,
        null,
        null,
        null,
        null,
        1,
        0,
        null,
        1,
        1,
        null,
        null
      ],
      "/home/sean/dev/kerbalworks/config/boot.rb": [
        1,
        null,
        1
      ],
      "/home/sean/dev/kerbalworks/config/environments/test.rb": [
        1,
        null,
        null,
        null,
        null,
        null,
        null,
        1,
        null,
        null,
        null,
        null,
        1,
        null,
        null,
        1,
        1,
        null,
        null,
        1,
        1,
        null,
        null,
        1,
        null,
        null,
        1,
        null,
        null,
        null,
        null,
        1,
        null,
        null,
        1,
        null,
        null,
        1,
        null,
        null,
        null,
        null
      ],
      "/home/sean/dev/kerbalworks/config/initializers/assets.rb": [
        null,
        null,
        null,
        1,
        null,
        null,
        null,
        null,
        null,
        null,
        null
      ],
      "/home/sean/dev/kerbalworks/config/initializers/backtrace_silencers.rb": [
        null,
        null,
        null,
        null,
        null,
        null,
        null
      ],
      "/home/sean/dev/kerbalworks/config/initializers/cookies_serializer.rb": [
        null,
        null,
        1
      ],
      "/home/sean/dev/kerbalworks/config/initializers/filter_parameter_logging.rb": [
        null,
        null,
        null,
        1
      ],
      "/home/sean/dev/kerbalworks/config/initializers/inflections.rb": [
        null,
        null,
        null,
        null,
        null,
        null,
        null,
        null,
        null,
        null,
        null,
        null,
        null,
        null,
        null,
        null
      ],
      "/home/sean/dev/kerbalworks/config/initializers/mime_types.rb": [
        null,
        null,
        null,
        null
      ],
      "/home/sean/dev/kerbalworks/config/initializers/session_store.rb": [
        null,
        null,
        1
      ],
      "/home/sean/dev/kerbalworks/config/initializers/wrap_parameters.rb": [
        null,
        null,
        null,
        null,
        null,
        null,
        1,
        1,
        null,
        null,
        null,
        null,
        null,
        null
      ],
      "/home/sean/dev/kerbalworks/config/routes.rb": [
        1,
        1,
        null,
        1,
        1,
        1,
        1,
        1,
        1,
        1,
        null
      ],
      "/home/sean/dev/kerbalworks/app/models/user.rb": [
        1,
        1,
        null,
        1,
        null,
        1,
        null,
        2,
        null,
        1,
        1,
        null,
        null,
        1,
        1,
        null,
        null,
        null
      ],
      "/home/sean/dev/kerbalworks/app/models/ship.rb": [
        1,
        1,
        null
      ]
    },
    "timestamp": 1421640462
  }
}
